  EsMiSalud.cpp
D:\Basura\Algoritmos\EsMiSalud\EsMiSalud\MisFunciones.h(52,2): warning C4996: '_sleep': This function or variable has been superceded by newer library or operating system functionality. Consider using Sleep instead. See online help for details.
D:\Basura\Algoritmos\EsMiSalud\EsMiSalud\MisFunciones.h(54,2): warning C4996: '_sleep': This function or variable has been superceded by newer library or operating system functionality. Consider using Sleep instead. See online help for details.
D:\Basura\Algoritmos\EsMiSalud\EsMiSalud\MisFunciones.h(56,2): warning C4996: '_sleep': This function or variable has been superceded by newer library or operating system functionality. Consider using Sleep instead. See online help for details.
D:\Basura\Algoritmos\EsMiSalud\EsMiSalud\MisFunciones.h(58,2): warning C4996: '_sleep': This function or variable has been superceded by newer library or operating system functionality. Consider using Sleep instead. See online help for details.
D:\Basura\Algoritmos\EsMiSalud\EsMiSalud\MisFunciones.h(60,2): warning C4996: '_sleep': This function or variable has been superceded by newer library or operating system functionality. Consider using Sleep instead. See online help for details.
D:\Basura\Algoritmos\EsMiSalud\EsMiSalud\MisFunciones.h(62,2): warning C4996: '_sleep': This function or variable has been superceded by newer library or operating system functionality. Consider using Sleep instead. See online help for details.
D:\Basura\Algoritmos\EsMiSalud\EsMiSalud\MisFunciones.h(64,2): warning C4996: '_sleep': This function or variable has been superceded by newer library or operating system functionality. Consider using Sleep instead. See online help for details.
D:\Basura\Algoritmos\EsMiSalud\EsMiSalud\MisFunciones.h(66,2): warning C4996: '_sleep': This function or variable has been superceded by newer library or operating system functionality. Consider using Sleep instead. See online help for details.
D:\Basura\Algoritmos\EsMiSalud\EsMiSalud\MisFunciones.h(78,2): warning C4996: '_sleep': This function or variable has been superceded by newer library or operating system functionality. Consider using Sleep instead. See online help for details.
D:\Basura\Algoritmos\EsMiSalud\EsMiSalud\MisFunciones.h(80,2): warning C4996: '_sleep': This function or variable has been superceded by newer library or operating system functionality. Consider using Sleep instead. See online help for details.
D:\Basura\Algoritmos\EsMiSalud\EsMiSalud\MisFunciones.h(82,2): warning C4996: '_sleep': This function or variable has been superceded by newer library or operating system functionality. Consider using Sleep instead. See online help for details.
D:\Basura\Algoritmos\EsMiSalud\EsMiSalud\MisFunciones.h(84,2): warning C4996: '_sleep': This function or variable has been superceded by newer library or operating system functionality. Consider using Sleep instead. See online help for details.
D:\Basura\Algoritmos\EsMiSalud\EsMiSalud\MisFunciones.h(86,2): warning C4996: '_sleep': This function or variable has been superceded by newer library or operating system functionality. Consider using Sleep instead. See online help for details.
D:\Basura\Algoritmos\EsMiSalud\EsMiSalud\MisFunciones.h(88,2): warning C4996: '_sleep': This function or variable has been superceded by newer library or operating system functionality. Consider using Sleep instead. See online help for details.
D:\Basura\Algoritmos\EsMiSalud\EsMiSalud\MisFunciones.h(98,2): warning C4996: '_sleep': This function or variable has been superceded by newer library or operating system functionality. Consider using Sleep instead. See online help for details.
D:\Basura\Algoritmos\EsMiSalud\EsMiSalud\MisFunciones.h(100,2): warning C4996: '_sleep': This function or variable has been superceded by newer library or operating system functionality. Consider using Sleep instead. See online help for details.
D:\Basura\Algoritmos\EsMiSalud\EsMiSalud\MisFunciones.h(102,2): warning C4996: '_sleep': This function or variable has been superceded by newer library or operating system functionality. Consider using Sleep instead. See online help for details.
D:\Basura\Algoritmos\EsMiSalud\EsMiSalud\MisFunciones.h(104,2): warning C4996: '_sleep': This function or variable has been superceded by newer library or operating system functionality. Consider using Sleep instead. See online help for details.
D:\Basura\Algoritmos\EsMiSalud\EsMiSalud\MisFunciones.h(106,2): warning C4996: '_sleep': This function or variable has been superceded by newer library or operating system functionality. Consider using Sleep instead. See online help for details.
D:\Basura\Algoritmos\EsMiSalud\EsMiSalud\MisFunciones.h(108,2): warning C4996: '_sleep': This function or variable has been superceded by newer library or operating system functionality. Consider using Sleep instead. See online help for details.
D:\Basura\Algoritmos\EsMiSalud\EsMiSalud\MisFunciones.h(110,2): warning C4996: '_sleep': This function or variable has been superceded by newer library or operating system functionality. Consider using Sleep instead. See online help for details.
D:\Basura\Algoritmos\EsMiSalud\EsMiSalud\MisFunciones.h(112,2): warning C4996: '_sleep': This function or variable has been superceded by newer library or operating system functionality. Consider using Sleep instead. See online help for details.
D:\Basura\Algoritmos\EsMiSalud\EsMiSalud\MisFunciones.h(114,2): warning C4996: '_sleep': This function or variable has been superceded by newer library or operating system functionality. Consider using Sleep instead. See online help for details.
D:\Basura\Algoritmos\EsMiSalud\EsMiSalud\EsMiSalud.cpp(17,15): warning C4244: 'argumento': conversión de 'time_t' a 'unsigned int'; posible pérdida de datos
D:\Basura\Algoritmos\EsMiSalud\EsMiSalud\EsMiSalud.cpp(79,9): warning C4996: '_sleep': This function or variable has been superceded by newer library or operating system functionality. Consider using Sleep instead. See online help for details.
  ArrVida.obj : se encontró un módulo MSIL; vinculación incremental deshabilitada para MSIL; ejecutando vínculo completo
  EsMiSalud.vcxproj -> D:\Basura\Algoritmos\EsMiSalud\x64\Debug\EsMiSalud.exe
